<?xml version="1.0" encoding="UTF-8"?>
<!-- Generated by org.testng.reporters.JUnitReportReporter -->
<testsuite hostname="FurmanHP" failures="0" tests="4" name="com.furman.MyTestNGClass" time="0.008" errors="0" timestamp="2020-07-08T21:01:00 CEST" skipped="0">
  <testcase classname="com.furman.MyTestNGClass" name="setup2" time="0.000"/>
  <system-out/>
  <testcase classname="com.furman.MyTestNGClass" name="setup3" time="0.000"/>
  <system-out/>
  <testcase classname="com.furman.MyTestNGClass" name="setup1" time="0.008"/>
  <system-out/>
  <testcase classname="com.furman.MyTestNGClass" name="setup4" time="0.000"/>
  <system-out/>
</testsuite> <!-- com.furman.MyTestNGClass -->
